Arguments: 
  /usr/local/bin/node /Users/noahmilberger/.node/corepack/yarn/1.22.15/bin/yarn.js add @types/mode --save-dev

PATH: 
  /Applications/google-cloud-sdk/bin:/usr/local/opt/helm@2/bin:/usr/local/opt/sphinx-doc/bin:/Users/noahmilberger/.rbenv/shims:/usr/local/bin:/Users/noahmilberger/bin:/Library/Frameworks/Python.framework/Versions/3.10/bin:/opt/homebrew/bin:/opt/homebrew/sbin:/Library/Frameworks/Python.framework/Versions/3.9/bin:/usr/local/bin:/usr/bin:/bin:/usr/sbin:/sbin:/Library/Apple/usr/bin:/Applications/google-cloud-sdk/bin:/usr/local/opt/helm@2/bin:/usr/local/opt/sphinx-doc/bin:/Users/noahmilberger/.rbenv/shims:/Users/noahmilberger/opt/anaconda3/bin:/Users/noahmilberger/opt/anaconda3/condabin:/Users/noahmilberger/bin:/Library/Frameworks/Python.framework/Versions/3.10/bin:/opt/homebrew/bin:/opt/homebrew/sbin:/Library/Frameworks/Python.framework/Versions/3.9/bin:/usr/local/go/bin:/Users/noahmilberger/go:/Users/noahmilberger/go/bin:/Users/noahmilberger/bin/google-cloud-sdk/bin:/Users/noahmilberger/Development/flutter/bin:/usr/local/go/bin:/Users/noahmilberger/go:/Users/noahmilberger/go/bin:/Users/noahmilberger/bin/google-cloud-sdk/bin:/Users/noahmilberger/Development/flutter/bin:/Users/noahmilberger/go/bin

Yarn version: 
  1.22.15

Node version: 
  16.16.0

Platform: 
  darwin arm64

Trace: 
  Error: https://registry.yarnpkg.com/@types%2fmode: Not found
      at Request.params.callback [as _callback] (/Users/noahmilberger/.node/corepack/yarn/1.22.15/lib/cli.js:66140:18)
      at Request.self.callback (/Users/noahmilberger/.node/corepack/yarn/1.22.15/lib/cli.js:140885:22)
      at Request.emit (node:events:527:28)
      at Request.<anonymous> (/Users/noahmilberger/.node/corepack/yarn/1.22.15/lib/cli.js:141857:10)
      at Request.emit (node:events:527:28)
      at IncomingMessage.<anonymous> (/Users/noahmilberger/.node/corepack/yarn/1.22.15/lib/cli.js:141779:12)
      at Object.onceWrapper (node:events:641:28)
      at IncomingMessage.emit (node:events:539:35)
      at endReadableNT (node:internal/streams/readable:1345:12)
      at processTicksAndRejections (node:internal/process/task_queues:83:21)

npm manifest: 
  {
    "name": "noah-networks-backend",
    "version": "1.0.0",
    "main": "index.js",
    "license": "MIT",
    "dependencies": {
      "typescript": "^4.9.5"
    }
  }

yarn manifest: 
  No manifest

Lockfile: 
  # THIS IS AN AUTOGENERATED FILE. DO NOT EDIT THIS FILE DIRECTLY.
  # yarn lockfile v1
  
  
  typescript@^4.9.5:
    version "4.9.5"
    resolved "https://registry.yarnpkg.com/typescript/-/typescript-4.9.5.tgz#095979f9bcc0d09da324d58d03ce8f8374cbe65a"
    integrity sha512-1FXk9E2Hm+QzZQ7z+McJiHL4NW1F2EzMu9Nq9i3zAaGqibafqYwCVU6WyWAuyQRRzOlxou8xZSyXLEN8oKj24g==
